<?xml version="1.0" encoding="UTF-8"?>
<!-- Generated by org.testng.reporters.JUnitReportReporter -->
<testsuite hostname="QSINBNB342" failures="0" tests="1" name="Grouping.group" time="0.012" errors="0" timestamp="2023-05-02T12:27:21 IST" skipped="0">
  <testcase classname="Grouping.group" name="signuptwiter" time="0.012"/>
  <system-out/>
</testsuite> <!-- Grouping.group -->
