<?xml version="1.0" encoding="UTF-8"?>
<!-- Generated by org.testng.reporters.JUnitReportReporter -->
<testsuite hostname="QSINBNB342" failures="0" tests="3" name="TestNg.Test2" time="7.788" errors="0" timestamp="2023-04-30T23:57:52 IST" skipped="0">
  <testcase classname="TestNg.Test2" name="openapp" time="5.875"/>
  <system-out/>
  <testcase classname="TestNg.Test2" name="login" time="1.737"/>
  <system-out/>
  <testcase classname="TestNg.Test2" name="close" time="0.176"/>
  <system-out/>
</testsuite> <!-- TestNg.Test2 -->
