<?xml version="1.0" encoding="UTF-8"?>
<!-- Generated by org.testng.reporters.JUnitReportReporter -->
<testsuite hostname="QSINBNB342" failures="0" tests="2" name="TestNg.Test1" time="0.021" errors="0" timestamp="2023-04-30T23:18:09 IST" skipped="0">
  <testcase classname="TestNg.Test1" name="test2" time="0.010"/>
  <system-out/>
  <testcase classname="TestNg.Test1" name="test1" time="0.011"/>
  <system-out/>
</testsuite> <!-- TestNg.Test1 -->
