<?xml version="1.0" encoding="UTF-8"?>
<!-- Generated by org.testng.reporters.JUnitReportReporter -->
<testsuite hostname="QSINBNB342" failures="0" tests="2" name="Day2Pack.Class1" time="0.006" errors="0" timestamp="2023-05-01T00:49:38 IST" skipped="0">
  <testcase classname="Day2Pack.Class1" name="abc" time="0.005"/>
  <system-out/>
  <testcase classname="Day2Pack.Class1" name="abc" time="0.001"/>
  <system-out/>
</testsuite> <!-- Day2Pack.Class1 -->
